/Users/maxh/Desktop/everything/import/linguistics research/caesar_stylometry/scripts/13_dbc_anchor.py:223: ConstantInputWarning: An input array is constant; the correlation coefficient is not defined.
  r_boot, _ = stats.spearmanr(x[idx], y[idx])
/Users/maxh/Desktop/everything/import/linguistics research/caesar_stylometry/scripts/13_dbc_anchor.py:223: ConstantInputWarning: An input array is constant; the correlation coefficient is not defined.
  r_boot, _ = stats.spearmanr(x[idx], y[idx])
/Users/maxh/Desktop/everything/import/linguistics research/caesar_stylometry/scripts/13_dbc_anchor.py:223: ConstantInputWarning: An input array is constant; the correlation coefficient is not defined.
  r_boot, _ = stats.spearmanr(x[idx], y[idx])
/Users/maxh/Desktop/everything/import/linguistics research/caesar_stylometry/scripts/13_dbc_anchor.py:223: ConstantInputWarning: An input array is constant; the correlation coefficient is not defined.
  r_boot, _ = stats.spearmanr(x[idx], y[idx])
/Users/maxh/Desktop/everything/import/linguistics research/caesar_stylometry/scripts/13_dbc_anchor.py:223: ConstantInputWarning: An input array is constant; the correlation coefficient is not defined.
  r_boot, _ = stats.spearmanr(x[idx], y[idx])
/Users/maxh/Desktop/everything/import/linguistics research/caesar_stylometry/scripts/13_dbc_anchor.py:223: ConstantInputWarning: An input array is constant; the correlation coefficient is not defined.
  r_boot, _ = stats.spearmanr(x[idx], y[idx])
/Users/maxh/Desktop/everything/import/linguistics research/caesar_stylometry/scripts/13_dbc_anchor.py:223: ConstantInputWarning: An input array is constant; the correlation coefficient is not defined.
  r_boot, _ = stats.spearmanr(x[idx], y[idx])
/Users/maxh/Desktop/everything/import/linguistics research/caesar_stylometry/scripts/13_dbc_anchor.py:223: ConstantInputWarning: An input array is constant; the correlation coefficient is not defined.
  r_boot, _ = stats.spearmanr(x[idx], y[idx])
/Users/maxh/Desktop/everything/import/linguistics research/caesar_stylometry/scripts/13_dbc_anchor.py:223: ConstantInputWarning: An input array is constant; the correlation coefficient is not defined.
  r_boot, _ = stats.spearmanr(x[idx], y[idx])
/Users/maxh/Desktop/everything/import/linguistics research/caesar_stylometry/scripts/13_dbc_anchor.py:223: ConstantInputWarning: An input array is constant; the correlation coefficient is not defined.
  r_boot, _ = stats.spearmanr(x[idx], y[idx])
/Users/maxh/Desktop/everything/import/linguistics research/caesar_stylometry/scripts/13_dbc_anchor.py:223: ConstantInputWarning: An input array is constant; the correlation coefficient is not defined.
  r_boot, _ = stats.spearmanr(x[idx], y[idx])
/Users/maxh/Desktop/everything/import/linguistics research/caesar_stylometry/scripts/13_dbc_anchor.py:223: ConstantInputWarning: An input array is constant; the correlation coefficient is not defined.
  r_boot, _ = stats.spearmanr(x[idx], y[idx])
/Users/maxh/Desktop/everything/import/linguistics research/caesar_stylometry/scripts/13_dbc_anchor.py:223: ConstantInputWarning: An input array is constant; the correlation coefficient is not defined.
  r_boot, _ = stats.spearmanr(x[idx], y[idx])
/Users/maxh/Desktop/everything/import/linguistics research/caesar_stylometry/scripts/13_dbc_anchor.py:223: ConstantInputWarning: An input array is constant; the correlation coefficient is not defined.
  r_boot, _ = stats.spearmanr(x[idx], y[idx])
/Users/maxh/Desktop/everything/import/linguistics research/caesar_stylometry/scripts/13_dbc_anchor.py:223: ConstantInputWarning: An input array is constant; the correlation coefficient is not defined.
  r_boot, _ = stats.spearmanr(x[idx], y[idx])
/Users/maxh/Desktop/everything/import/linguistics research/caesar_stylometry/scripts/13_dbc_anchor.py:223: ConstantInputWarning: An input array is constant; the correlation coefficient is not defined.
  r_boot, _ = stats.spearmanr(x[idx], y[idx])
/Users/maxh/Desktop/everything/import/linguistics research/caesar_stylometry/scripts/13_dbc_anchor.py:223: ConstantInputWarning: An input array is constant; the correlation coefficient is not defined.
  r_boot, _ = stats.spearmanr(x[idx], y[idx])
/Users/maxh/Desktop/everything/import/linguistics research/caesar_stylometry/scripts/13_dbc_anchor.py:223: ConstantInputWarning: An input array is constant; the correlation coefficient is not defined.
  r_boot, _ = stats.spearmanr(x[idx], y[idx])
/Users/maxh/Desktop/everything/import/linguistics research/caesar_stylometry/scripts/13_dbc_anchor.py:223: ConstantInputWarning: An input array is constant; the correlation coefficient is not defined.
  r_boot, _ = stats.spearmanr(x[idx], y[idx])
/Users/maxh/Desktop/everything/import/linguistics research/caesar_stylometry/scripts/13_dbc_anchor.py:223: ConstantInputWarning: An input array is constant; the correlation coefficient is not defined.
  r_boot, _ = stats.spearmanr(x[idx], y[idx])
/Users/maxh/Desktop/everything/import/linguistics research/caesar_stylometry/scripts/13_dbc_anchor.py:223: ConstantInputWarning: An input array is constant; the correlation coefficient is not defined.
  r_boot, _ = stats.spearmanr(x[idx], y[idx])
/Users/maxh/Desktop/everything/import/linguistics research/caesar_stylometry/scripts/13_dbc_anchor.py:223: ConstantInputWarning: An input array is constant; the correlation coefficient is not defined.
  r_boot, _ = stats.spearmanr(x[idx], y[idx])
/Users/maxh/Desktop/everything/import/linguistics research/caesar_stylometry/scripts/13_dbc_anchor.py:223: ConstantInputWarning: An input array is constant; the correlation coefficient is not defined.
  r_boot, _ = stats.spearmanr(x[idx], y[idx])
/Users/maxh/Desktop/everything/import/linguistics research/caesar_stylometry/scripts/13_dbc_anchor.py:223: ConstantInputWarning: An input array is constant; the correlation coefficient is not defined.
  r_boot, _ = stats.spearmanr(x[idx], y[idx])
# Script: 13_dbc_anchor.py
# Started: 2026-06-15T17:24:12.224093
# ────────────────────────────────────────────────────────────

