================================================================================
  ROBUSTNESS ANALYSIS
  Testing stability of Annual-vs-Bulk conclusion across conditions
================================================================================

  Feature set × MFW combinations: 17
  Excursus conditions: 4
  Total conditions: 68


──────────────────────────────────────────────────────────────────────
  Function Words
──────────────────────────────────────────────────────────────────────
  Loading: features_function_words_tokens_chapters.csv
    DBG/other chapters: 401  |  DBC chapters: 243
  [  1/68] Function Words | Full corpus (no exclusions)
      Delta: Mantel r=+0.088 p=0.358 | DBC r=-0.214 p=0.331
      Cosine: Mantel r=+0.450 p=0.039 | DBC r=-0.643 p=0.069
  [  2/68] Function Words | Without Book VI Germanic excursus
      Delta: Mantel r=+0.125 p=0.304 | DBC r=-0.321 p=0.249
      Cosine: Mantel r=+0.397 p=0.062 | DBC r=-0.643 p=0.069
  [  3/68] Function Words | Without Book V British excursus
      Delta: Mantel r=+0.048 p=0.418 | DBC r=-0.214 p=0.331
      Cosine: Mantel r=+0.424 p=0.049 | DBC r=-0.643 p=0.069
  [  4/68] Function Words | Without Both excursuses
      Delta: Mantel r=+0.089 p=0.352 | DBC r=-0.321 p=0.249
      Cosine: Mantel r=+0.385 p=0.065 | DBC r=-0.643 p=0.069

──────────────────────────────────────────────────────────────────────
  Function Words (lemmas)
──────────────────────────────────────────────────────────────────────
  Loading: features_function_words_lemmas_chapters.csv
    DBG/other chapters: 401  |  DBC chapters: 243
  [  5/68] Function Words (lemmas) | Full corpus (no exclusions)
      Delta: Mantel r=+0.217 p=0.211 | DBC r=-0.857 p=0.012
      Cosine: Mantel r=+0.497 p=0.018 | DBC r=-0.536 p=0.118
  [  6/68] Function Words (lemmas) | Without Book VI Germanic excursus
      Delta: Mantel r=+0.238 p=0.198 | DBC r=-0.643 p=0.069
      Cosine: Mantel r=+0.459 p=0.048 | DBC r=-0.536 p=0.118
  [  7/68] Function Words (lemmas) | Without Book V British excursus
      Delta: Mantel r=+0.164 p=0.259 | DBC r=-0.857 p=0.012
      Cosine: Mantel r=+0.469 p=0.033 | DBC r=-0.464 p=0.151
  [  8/68] Function Words (lemmas) | Without Both excursuses
      Delta: Mantel r=+0.212 p=0.220 | DBC r=-0.643 p=0.069
      Cosine: Mantel r=+0.443 p=0.053 | DBC r=-0.464 p=0.151

──────────────────────────────────────────────────────────────────────
  MFW 100
──────────────────────────────────────────────────────────────────────
  Loading: features_mfw100_tokens_chapters.csv
    DBG/other chapters: 401  |  DBC chapters: 243
  [  9/68] MFW 100 (MFW 50) | Full corpus (no exclusions)
      Delta: Mantel r=+0.128 p=0.311 | DBC r=-0.857 p=0.012
      Cosine: Mantel r=+0.466 p=0.018 | DBC r=-0.929 p=0.003
  [ 10/68] MFW 100 (MFW 50) | Without Book VI Germanic excursus
      Delta: Mantel r=+0.169 p=0.259 | DBC r=-0.929 p=0.003
      Cosine: Mantel r=+0.403 p=0.054 | DBC r=-0.750 p=0.033
  [ 11/68] MFW 100 (MFW 50) | Without Book V British excursus
      Delta: Mantel r=+0.084 p=0.367 | DBC r=-0.857 p=0.012
      Cosine: Mantel r=+0.449 p=0.026 | DBC r=-0.929 p=0.003
  [ 12/68] MFW 100 (MFW 50) | Without Both excursuses
      Delta: Mantel r=+0.135 p=0.300 | DBC r=-0.929 p=0.003
      Cosine: Mantel r=+0.393 p=0.058 | DBC r=-0.750 p=0.033
  [ 13/68] MFW 100 (MFW 100) | Full corpus (no exclusions)
      Delta: Mantel r=+0.128 p=0.311 | DBC r=-0.857 p=0.012
      Cosine: Mantel r=+0.466 p=0.018 | DBC r=-0.929 p=0.003
  [ 14/68] MFW 100 (MFW 100) | Without Book VI Germanic excursus
      Delta: Mantel r=+0.169 p=0.259 | DBC r=-0.929 p=0.003
      Cosine: Mantel r=+0.403 p=0.054 | DBC r=-0.750 p=0.033
  [ 15/68] MFW 100 (MFW 100) | Without Book V British excursus
      Delta: Mantel r=+0.084 p=0.367 | DBC r=-0.857 p=0.012
      Cosine: Mantel r=+0.449 p=0.026 | DBC r=-0.929 p=0.003
  [ 16/68] MFW 100 (MFW 100) | Without Both excursuses
      Delta: Mantel r=+0.135 p=0.300 | DBC r=-0.929 p=0.003
      Cosine: Mantel r=+0.393 p=0.058 | DBC r=-0.750 p=0.033

──────────────────────────────────────────────────────────────────────
  MFW 100 (lemmas)
──────────────────────────────────────────────────────────────────────
  Loading: features_mfw100_lemmas_chapters.csv
    DBG/other chapters: 401  |  DBC chapters: 243
  [ 17/68] MFW 100 (lemmas) (MFW 50) | Full corpus (no exclusions)
      Delta: Mantel r=+0.376 p=0.053 | DBC r=-0.929 p=0.003
      Cosine: Mantel r=+0.628 p=0.006 | DBC r=-0.929 p=0.003
  [ 18/68] MFW 100 (lemmas) (MFW 50) | Without Book VI Germanic excursus
      Delta: Mantel r=+0.457 p=0.025 | DBC r=-0.821 p=0.017
      Cosine: Mantel r=+0.594 p=0.013 | DBC r=-0.821 p=0.017
  [ 19/68] MFW 100 (lemmas) (MFW 50) | Without Book V British excursus
      Delta: Mantel r=+0.357 p=0.061 | DBC r=-0.929 p=0.003
      Cosine: Mantel r=+0.615 p=0.007 | DBC r=-0.929 p=0.003
  [ 20/68] MFW 100 (lemmas) (MFW 50) | Without Both excursuses
      Delta: Mantel r=+0.445 p=0.030 | DBC r=-0.821 p=0.017
      Cosine: Mantel r=+0.588 p=0.013 | DBC r=-0.821 p=0.017
  [ 21/68] MFW 100 (lemmas) (MFW 100) | Full corpus (no exclusions)
      Delta: Mantel r=+0.376 p=0.053 | DBC r=-0.929 p=0.003
      Cosine: Mantel r=+0.628 p=0.006 | DBC r=-0.929 p=0.003
  [ 22/68] MFW 100 (lemmas) (MFW 100) | Without Book VI Germanic excursus
      Delta: Mantel r=+0.457 p=0.025 | DBC r=-0.821 p=0.017
      Cosine: Mantel r=+0.594 p=0.013 | DBC r=-0.821 p=0.017
  [ 23/68] MFW 100 (lemmas) (MFW 100) | Without Book V British excursus
      Delta: Mantel r=+0.357 p=0.061 | DBC r=-0.929 p=0.003
      Cosine: Mantel r=+0.615 p=0.007 | DBC r=-0.929 p=0.003
  [ 24/68] MFW 100 (lemmas) (MFW 100) | Without Both excursuses
      Delta: Mantel r=+0.445 p=0.030 | DBC r=-0.821 p=0.017
      Cosine: Mantel r=+0.588 p=0.013 | DBC r=-0.821 p=0.017

──────────────────────────────────────────────────────────────────────
  MFW 200
──────────────────────────────────────────────────────────────────────
  Loading: features_mfw200_tokens_chapters.csv
    DBG/other chapters: 401  |  DBC chapters: 243
  [ 25/68] MFW 200 (MFW 100) | Full corpus (no exclusions)
      Delta: Mantel r=+0.247 p=0.158 | DBC r=-0.964 p=0.001
      Cosine: Mantel r=+0.483 p=0.017 | DBC r=-0.964 p=0.001
  [ 26/68] MFW 200 (MFW 100) | Without Book VI Germanic excursus
      Delta: Mantel r=+0.281 p=0.136 | DBC r=-0.964 p=0.001
      Cosine: Mantel r=+0.415 p=0.052 | DBC r=-0.786 p=0.024
  [ 27/68] MFW 200 (MFW 100) | Without Book V British excursus
      Delta: Mantel r=+0.214 p=0.186 | DBC r=-0.964 p=0.001
      Cosine: Mantel r=+0.468 p=0.021 | DBC r=-0.964 p=0.001
  [ 28/68] MFW 200 (MFW 100) | Without Both excursuses
      Delta: Mantel r=+0.261 p=0.152 | DBC r=-0.964 p=0.001
      Cosine: Mantel r=+0.406 p=0.054 | DBC r=-0.786 p=0.024
  [ 29/68] MFW 200 (MFW 200) | Full corpus (no exclusions)
      Delta: Mantel r=+0.247 p=0.158 | DBC r=-0.964 p=0.001
      Cosine: Mantel r=+0.483 p=0.017 | DBC r=-0.964 p=0.001
  [ 30/68] MFW 200 (MFW 200) | Without Book VI Germanic excursus
      Delta: Mantel r=+0.281 p=0.136 | DBC r=-0.964 p=0.001
      Cosine: Mantel r=+0.415 p=0.052 | DBC r=-0.786 p=0.024
  [ 31/68] MFW 200 (MFW 200) | Without Book V British excursus
      Delta: Mantel r=+0.214 p=0.186 | DBC r=-0.964 p=0.001
      Cosine: Mantel r=+0.468 p=0.021 | DBC r=-0.964 p=0.001
  [ 32/68] MFW 200 (MFW 200) | Without Both excursuses
      Delta: Mantel r=+0.261 p=0.152 | DBC r=-0.964 p=0.001
      Cosine: Mantel r=+0.406 p=0.054 | DBC r=-0.786 p=0.024

──────────────────────────────────────────────────────────────────────
  MFW 200 (lemmas)
──────────────────────────────────────────────────────────────────────
  Loading: features_mfw200_lemmas_chapters.csv
    DBG/other chapters: 401  |  DBC chapters: 243
  [ 33/68] MFW 200 (lemmas) (MFW 100) | Full corpus (no exclusions)
      Delta: Mantel r=+0.201 p=0.203 | DBC r=-0.750 p=0.033
      Cosine: Mantel r=+0.642 p=0.006 | DBC r=-0.929 p=0.003
  [ 34/68] MFW 200 (lemmas) (MFW 100) | Without Book VI Germanic excursus
      Delta: Mantel r=+0.263 p=0.141 | DBC r=-0.607 p=0.083
      Cosine: Mantel r=+0.600 p=0.013 | DBC r=-0.821 p=0.017
  [ 35/68] MFW 200 (lemmas) (MFW 100) | Without Book V British excursus
      Delta: Mantel r=+0.187 p=0.225 | DBC r=-0.750 p=0.033
      Cosine: Mantel r=+0.630 p=0.006 | DBC r=-0.929 p=0.003
  [ 36/68] MFW 200 (lemmas) (MFW 100) | Without Both excursuses
      Delta: Mantel r=+0.259 p=0.144 | DBC r=-0.607 p=0.083
      Cosine: Mantel r=+0.594 p=0.013 | DBC r=-0.821 p=0.017
  [ 37/68] MFW 200 (lemmas) (MFW 200) | Full corpus (no exclusions)
      Delta: Mantel r=+0.201 p=0.203 | DBC r=-0.750 p=0.033
      Cosine: Mantel r=+0.642 p=0.006 | DBC r=-0.929 p=0.003
  [ 38/68] MFW 200 (lemmas) (MFW 200) | Without Book VI Germanic excursus
      Delta: Mantel r=+0.263 p=0.141 | DBC r=-0.607 p=0.083
      Cosine: Mantel r=+0.600 p=0.013 | DBC r=-0.821 p=0.017
  [ 39/68] MFW 200 (lemmas) (MFW 200) | Without Book V British excursus
      Delta: Mantel r=+0.187 p=0.225 | DBC r=-0.750 p=0.033
      Cosine: Mantel r=+0.630 p=0.006 | DBC r=-0.929 p=0.003
  [ 40/68] MFW 200 (lemmas) (MFW 200) | Without Both excursuses
      Delta: Mantel r=+0.259 p=0.144 | DBC r=-0.607 p=0.083
      Cosine: Mantel r=+0.594 p=0.013 | DBC r=-0.821 p=0.017

──────────────────────────────────────────────────────────────────────
  MFW 300
──────────────────────────────────────────────────────────────────────
  Loading: features_mfw300_tokens_chapters.csv
    DBG/other chapters: 401  |  DBC chapters: 243
  [ 41/68] MFW 300 (MFW 150) | Full corpus (no exclusions)
      Delta: Mantel r=+0.307 p=0.094 | DBC r=-0.857 p=0.012
      Cosine: Mantel r=+0.482 p=0.017 | DBC r=-0.929 p=0.003
  [ 42/68] MFW 300 (MFW 150) | Without Book VI Germanic excursus
      Delta: Mantel r=+0.308 p=0.109 | DBC r=-0.857 p=0.012
      Cosine: Mantel r=+0.416 p=0.051 | DBC r=-0.750 p=0.033
  [ 43/68] MFW 300 (MFW 150) | Without Book V British excursus
      Delta: Mantel r=+0.285 p=0.113 | DBC r=-0.750 p=0.033
      Cosine: Mantel r=+0.469 p=0.020 | DBC r=-0.929 p=0.003
  [ 44/68] MFW 300 (MFW 150) | Without Both excursuses
      Delta: Mantel r=+0.294 p=0.119 | DBC r=-0.857 p=0.012
      Cosine: Mantel r=+0.407 p=0.052 | DBC r=-0.750 p=0.033
  [ 45/68] MFW 300 (MFW 300) | Full corpus (no exclusions)
      Delta: Mantel r=+0.307 p=0.094 | DBC r=-0.857 p=0.012
      Cosine: Mantel r=+0.482 p=0.017 | DBC r=-0.929 p=0.003
  [ 46/68] MFW 300 (MFW 300) | Without Book VI Germanic excursus
      Delta: Mantel r=+0.308 p=0.109 | DBC r=-0.857 p=0.012
      Cosine: Mantel r=+0.416 p=0.051 | DBC r=-0.750 p=0.033
  [ 47/68] MFW 300 (MFW 300) | Without Book V British excursus
      Delta: Mantel r=+0.285 p=0.113 | DBC r=-0.750 p=0.033
      Cosine: Mantel r=+0.469 p=0.020 | DBC r=-0.929 p=0.003
  [ 48/68] MFW 300 (MFW 300) | Without Both excursuses
      Delta: Mantel r=+0.294 p=0.119 | DBC r=-0.857 p=0.012
      Cosine: Mantel r=+0.407 p=0.052 | DBC r=-0.750 p=0.033

──────────────────────────────────────────────────────────────────────
  MFW 300 (lemmas)
──────────────────────────────────────────────────────────────────────
  Loading: features_mfw300_lemmas_chapters.csv
    DBG/other chapters: 401  |  DBC chapters: 243
  [ 49/68] MFW 300 (lemmas) (MFW 150) | Full corpus (no exclusions)
      Delta: Mantel r=+0.048 p=0.452 | DBC r=-0.643 p=0.069
      Cosine: Mantel r=+0.631 p=0.005 | DBC r=-0.929 p=0.003
  [ 50/68] MFW 300 (lemmas) (MFW 150) | Without Book VI Germanic excursus
      Delta: Mantel r=+0.132 p=0.297 | DBC r=-0.536 p=0.118
      Cosine: Mantel r=+0.590 p=0.013 | DBC r=-0.821 p=0.017
  [ 51/68] MFW 300 (lemmas) (MFW 150) | Without Book V British excursus
      Delta: Mantel r=+0.033 p=0.480 | DBC r=-0.643 p=0.069
      Cosine: Mantel r=+0.620 p=0.006 | DBC r=-0.929 p=0.003
  [ 52/68] MFW 300 (lemmas) (MFW 150) | Without Both excursuses
      Delta: Mantel r=+0.127 p=0.307 | DBC r=-0.536 p=0.118
      Cosine: Mantel r=+0.584 p=0.013 | DBC r=-0.821 p=0.017
  [ 53/68] MFW 300 (lemmas) (MFW 300) | Full corpus (no exclusions)
      Delta: Mantel r=+0.048 p=0.452 | DBC r=-0.643 p=0.069
      Cosine: Mantel r=+0.631 p=0.005 | DBC r=-0.929 p=0.003
  [ 54/68] MFW 300 (lemmas) (MFW 300) | Without Book VI Germanic excursus
      Delta: Mantel r=+0.132 p=0.297 | DBC r=-0.536 p=0.118
      Cosine: Mantel r=+0.590 p=0.013 | DBC r=-0.821 p=0.017
  [ 55/68] MFW 300 (lemmas) (MFW 300) | Without Book V British excursus
      Delta: Mantel r=+0.033 p=0.480 | DBC r=-0.643 p=0.069
      Cosine: Mantel r=+0.620 p=0.006 | DBC r=-0.929 p=0.003
  [ 56/68] MFW 300 (lemmas) (MFW 300) | Without Both excursuses
      Delta: Mantel r=+0.127 p=0.307 | DBC r=-0.536 p=0.118
      Cosine: Mantel r=+0.584 p=0.013 | DBC r=-0.821 p=0.017

──────────────────────────────────────────────────────────────────────
  Char 2-grams
──────────────────────────────────────────────────────────────────────
  Loading: features_char2gram_chapters.csv
    DBG/other chapters: 401  |  DBC chapters: 243
  [ 57/68] Char 2-grams | Full corpus (no exclusions)
      Delta: Mantel r=+0.449 p=0.022 | DBC r=-0.857 p=0.012
      Cosine: Mantel r=+0.381 p=0.076 | DBC r=-0.857 p=0.012
  [ 58/68] Char 2-grams | Without Book VI Germanic excursus
      Delta: Mantel r=+0.491 p=0.020 | DBC r=-0.857 p=0.012
      Cosine: Mantel r=+0.401 p=0.052 | DBC r=-0.857 p=0.012
  [ 59/68] Char 2-grams | Without Book V British excursus
      Delta: Mantel r=+0.438 p=0.024 | DBC r=-0.857 p=0.012
      Cosine: Mantel r=+0.368 p=0.083 | DBC r=-0.857 p=0.012
  [ 60/68] Char 2-grams | Without Both excursuses
      Delta: Mantel r=+0.485 p=0.021 | DBC r=-0.857 p=0.012
      Cosine: Mantel r=+0.394 p=0.057 | DBC r=-0.857 p=0.012

──────────────────────────────────────────────────────────────────────
  Char 3-grams
──────────────────────────────────────────────────────────────────────
  Loading: features_char3gram_chapters.csv
    DBG/other chapters: 401  |  DBC chapters: 243
  [ 61/68] Char 3-grams | Full corpus (no exclusions)
      Delta: Mantel r=+0.288 p=0.144 | DBC r=-0.929 p=0.003
      Cosine: Mantel r=+0.332 p=0.131 | DBC r=-0.750 p=0.033
  [ 62/68] Char 3-grams | Without Book VI Germanic excursus
      Delta: Mantel r=+0.322 p=0.104 | DBC r=-0.929 p=0.003
      Cosine: Mantel r=+0.357 p=0.090 | DBC r=-0.857 p=0.012
  [ 63/68] Char 3-grams | Without Book V British excursus
      Delta: Mantel r=+0.271 p=0.160 | DBC r=-0.929 p=0.003
      Cosine: Mantel r=+0.316 p=0.144 | DBC r=-0.750 p=0.033
  [ 64/68] Char 3-grams | Without Both excursuses
      Delta: Mantel r=+0.315 p=0.111 | DBC r=-0.929 p=0.003
      Cosine: Mantel r=+0.350 p=0.098 | DBC r=-0.857 p=0.012

──────────────────────────────────────────────────────────────────────
  Char 4-grams
──────────────────────────────────────────────────────────────────────
  Loading: features_char4gram_chapters.csv
    DBG/other chapters: 401  |  DBC chapters: 243
  [ 65/68] Char 4-grams | Full corpus (no exclusions)
      Delta: Mantel r=+0.157 p=0.289 | DBC r=-0.929 p=0.003
      Cosine: Mantel r=+0.364 p=0.077 | DBC r=-0.821 p=0.017
  [ 66/68] Char 4-grams | Without Book VI Germanic excursus
      Delta: Mantel r=+0.182 p=0.251 | DBC r=-0.929 p=0.003
      Cosine: Mantel r=+0.366 p=0.067 | DBC r=-0.929 p=0.003
  [ 67/68] Char 4-grams | Without Book V British excursus
      Delta: Mantel r=+0.132 p=0.314 | DBC r=-0.929 p=0.003
      Cosine: Mantel r=+0.344 p=0.094 | DBC r=-0.821 p=0.017
  [ 68/68] Char 4-grams | Without Both excursuses
      Delta: Mantel r=+0.172 p=0.259 | DBC r=-0.929 p=0.003
      Cosine: Mantel r=+0.357 p=0.072 | DBC r=-0.929 p=0.003

====================================================================================================
  SUMMARY: Robustness of the Annual Composition Conclusion
====================================================================================================

  Full results: /Users/maxh/Desktop/everything/import/linguistics research/caesar_stylometry/outputs/robustness_summary.csv

────────────────────────────────────────────────────────────────────────────────────────────────────
  Condition                                 Tests   Mantel + Mantel sig      DBC −    DBC sig    Consensus
────────────────────────────────────────────────────────────────────────────────────────────────────
  Full corpus (no exclusions)                  34   34/34      15/34      34/34      29/34        ANNUAL ✓
  Without Book VI Germanic excursus            34   34/34      10/34      34/34      26/34        ANNUAL ✓
  Without Book V British excursus              34   34/34      15/34      34/34      29/34        ANNUAL ✓
  Without Both excursuses                      34   34/34       9/34      34/34      26/34        ANNUAL ✓

────────────────────────────────────────────────────────────────────────────────────────────────────
  Representation                            Tests   Mantel + Mantel sig      DBC −    DBC sig    Consensus
────────────────────────────────────────────────────────────────────────────────────────────────────
  Word-based (MFW + func words)               112  112/112     45/112    112/112     86/112       ANNUAL ✓
  Character n-grams                            24   24/24       4/24      24/24      24/24        ANNUAL ✓

────────────────────────────────────────────────────────────────────────────────────────────────────
  Lexical Level                             Tests   Mantel + Mantel sig      DBC −    DBC sig    Consensus
────────────────────────────────────────────────────────────────────────────────────────────────────
  tokens                                       80   80/80      18/80      80/80      72/80        ANNUAL ✓
  lemmas                                       56   56/56      31/56      56/56      38/56        ANNUAL ✓

────────────────────────────────────────────────────────────────────────────────────────────────────
  FLIP DETECTION: Any condition where conclusion changes?
────────────────────────────────────────────────────────────────────────────────────────────────────

  ⚠ SIGNIFICANCE FLIPS DETECTED:
    Function Words | Cosine | MFW=all
      Baseline:  DBC p=0.0694 (ns) | Mantel p=0.0387 (sig)
      Without Book VI Germanic excursus: DBC p=0.0694 (ns) | Mantel p=0.0615 (ns)
    Function Words | Cosine | MFW=all
      Baseline:  DBC p=0.0694 (ns) | Mantel p=0.0387 (sig)
      Without Both excursuses: DBC p=0.0694 (ns) | Mantel p=0.0655 (ns)
    MFW 200 | Cosine | MFW=200
      Baseline:  DBC p=0.0014 (sig) | Mantel p=0.0171 (sig)
      Without Book VI Germanic excursus: DBC p=0.0240 (sig) | Mantel p=0.0516 (ns)
    MFW 200 | Cosine | MFW=200
      Baseline:  DBC p=0.0014 (sig) | Mantel p=0.0171 (sig)
      Without Both excursuses: DBC p=0.0240 (sig) | Mantel p=0.0536 (ns)
    MFW 200 | Cosine | MFW=100
      Baseline:  DBC p=0.0014 (sig) | Mantel p=0.0171 (sig)
      Without Book VI Germanic excursus: DBC p=0.0240 (sig) | Mantel p=0.0516 (ns)
    MFW 200 | Cosine | MFW=100
      Baseline:  DBC p=0.0014 (sig) | Mantel p=0.0171 (sig)
      Without Both excursuses: DBC p=0.0240 (sig) | Mantel p=0.0536 (ns)
    MFW 200 (lemmas) | Delta | MFW=200
      Baseline:  DBC p=0.0331 (sig) | Mantel p=0.2032 (ns)
      Without Book VI Germanic excursus: DBC p=0.0833 (ns) | Mantel p=0.1413 (ns)
    MFW 200 (lemmas) | Delta | MFW=200
      Baseline:  DBC p=0.0331 (sig) | Mantel p=0.2032 (ns)
      Without Both excursuses: DBC p=0.0833 (ns) | Mantel p=0.1444 (ns)
    MFW 200 (lemmas) | Delta | MFW=100
      Baseline:  DBC p=0.0331 (sig) | Mantel p=0.2032 (ns)
      Without Book VI Germanic excursus: DBC p=0.0833 (ns) | Mantel p=0.1413 (ns)
    MFW 200 (lemmas) | Delta | MFW=100
      Baseline:  DBC p=0.0331 (sig) | Mantel p=0.2032 (ns)
      Without Both excursuses: DBC p=0.0833 (ns) | Mantel p=0.1444 (ns)
    MFW 100 | Cosine | MFW=50
      Baseline:  DBC p=0.0034 (sig) | Mantel p=0.0181 (sig)
      Without Book VI Germanic excursus: DBC p=0.0331 (sig) | Mantel p=0.0536 (ns)
    MFW 100 | Cosine | MFW=50
      Baseline:  DBC p=0.0034 (sig) | Mantel p=0.0181 (sig)
      Without Both excursuses: DBC p=0.0331 (sig) | Mantel p=0.0583 (ns)
    MFW 100 | Cosine | MFW=100
      Baseline:  DBC p=0.0034 (sig) | Mantel p=0.0181 (sig)
      Without Book VI Germanic excursus: DBC p=0.0331 (sig) | Mantel p=0.0536 (ns)
    MFW 100 | Cosine | MFW=100
      Baseline:  DBC p=0.0034 (sig) | Mantel p=0.0181 (sig)
      Without Both excursuses: DBC p=0.0331 (sig) | Mantel p=0.0583 (ns)
    MFW 100 (lemmas) | Delta | MFW=50
      Baseline:  DBC p=0.0034 (sig) | Mantel p=0.0532 (ns)
      Without Book VI Germanic excursus: DBC p=0.0171 (sig) | Mantel p=0.0254 (sig)
    MFW 100 (lemmas) | Delta | MFW=50
      Baseline:  DBC p=0.0034 (sig) | Mantel p=0.0532 (ns)
      Without Both excursuses: DBC p=0.0171 (sig) | Mantel p=0.0302 (sig)
    MFW 100 (lemmas) | Delta | MFW=100
      Baseline:  DBC p=0.0034 (sig) | Mantel p=0.0532 (ns)
      Without Book VI Germanic excursus: DBC p=0.0171 (sig) | Mantel p=0.0254 (sig)
    MFW 100 (lemmas) | Delta | MFW=100
      Baseline:  DBC p=0.0034 (sig) | Mantel p=0.0532 (ns)
      Without Both excursuses: DBC p=0.0171 (sig) | Mantel p=0.0302 (sig)
    Function Words (lemmas) | Delta | MFW=all
      Baseline:  DBC p=0.0119 (sig) | Mantel p=0.2107 (ns)
      Without Book VI Germanic excursus: DBC p=0.0694 (ns) | Mantel p=0.1976 (ns)
    Function Words (lemmas) | Delta | MFW=all
      Baseline:  DBC p=0.0119 (sig) | Mantel p=0.2107 (ns)
      Without Both excursuses: DBC p=0.0694 (ns) | Mantel p=0.2202 (ns)
    Function Words (lemmas) | Cosine | MFW=all
      Baseline:  DBC p=0.1179 (ns) | Mantel p=0.0185 (sig)
      Without Both excursuses: DBC p=0.1512 (ns) | Mantel p=0.0528 (ns)
    MFW 300 | Cosine | MFW=150
      Baseline:  DBC p=0.0034 (sig) | Mantel p=0.0171 (sig)
      Without Book VI Germanic excursus: DBC p=0.0331 (sig) | Mantel p=0.0512 (ns)
    MFW 300 | Cosine | MFW=150
      Baseline:  DBC p=0.0034 (sig) | Mantel p=0.0171 (sig)
      Without Both excursuses: DBC p=0.0331 (sig) | Mantel p=0.0522 (ns)
    MFW 300 | Cosine | MFW=300
      Baseline:  DBC p=0.0034 (sig) | Mantel p=0.0171 (sig)
      Without Book VI Germanic excursus: DBC p=0.0331 (sig) | Mantel p=0.0512 (ns)
    MFW 300 | Cosine | MFW=300
      Baseline:  DBC p=0.0034 (sig) | Mantel p=0.0171 (sig)
      Without Both excursuses: DBC p=0.0331 (sig) | Mantel p=0.0522 (ns)

────────────────────────────────────────────────────────────────────────────────────────────────────
  EFFECT SIZE STABILITY: DBC Anchor Spearman r
────────────────────────────────────────────────────────────────────────────────────────────────────
  Full corpus (no exclusions)              mean r = -0.841  median r = -0.929  min = -0.964  max = -0.214  std = 0.153
  Without Book VI Germanic excursus        mean r = -0.777  median r = -0.821  min = -0.964  max = -0.321  std = 0.145
  Without Book V British excursus          mean r = -0.833  median r = -0.929  min = -0.964  max = -0.214  std = 0.159
  Without Both excursuses                  mean r = -0.775  median r = -0.821  min = -0.964  max = -0.321  std = 0.149

================================================================================
  FINAL ROBUSTNESS VERDICT
================================================================================

  Directional consistency:
    Mantel r > 0 (style grows with gap): 136/136 (100.0%)
    DBC r < 0 (later closer to DBC):    136/136 (100.0%)

  The Annual composition hypothesis is:
    — Directionally supported in nearly ALL conditions
    — Statistically significant in the DBC anchor test across most feature representations
    — See flagged flips above
    — Consistent across tokens and lemmas
    — Consistent across word-based and character n-gram features
    — Consistent across MFW counts (50–300)

  CAVEAT: n=7. All tests use 5,040 exact permutations.
  'Robustness' here means the conclusion does not depend on
  a single feature choice or the inclusion of disputed passages.
================================================================================
  ANALYSIS COMPLETE
================================================================================
# Script: 15_robustness.py
# Started: 2026-06-15T17:27:00.686320
# ────────────────────────────────────────────────────────────

